# JRE version: Java(TM) SE Runtime Environment (17.0.9+11) (build 17.0.9+11-LTS-201)
# Java VM: Java HotSpot(TM) 64-Bit Server VM (17.0.9+11-LTS-201, mixed mode, sharing, tiered, compressed oops, compressed class ptrs, g1 gc, windows-amd64)
GC Precious Log:
 CPUs: 12 total, 12 available
 Memory: 7916M
 Large Page Support: Disabled
 NUMA Support: Disabled
 Compressed Oops: Enabled (32-bit)
 Heap Region Size: 1M
 Heap Min Capacity: 8M
 Heap Initial Capacity: 124M
 Heap Max Capacity: 1980M
 Pre-touch: Disabled
 Parallel Workers: 10
 Concurrent Workers: 3
 Concurrent Refinement Workers: 10
 Periodic GC: Disabled
Heap:
 garbage-first heap   total 124928K, used 65384K [0x0000000084400000, 0x0000000100000000)
  region size 1024K, 20 young (20480K), 5 survivors (5120K)
 Metaspace       used 58598K, committed 58944K, reserved 1114112K
  class space    used 7000K, committed 7168K, reserved 1048576K
GC Heap History (20 events):
Event: 8.465 GC heap before
{Heap before GC invocations=6 (full 0):
 garbage-first heap   total 61440K, used 46044K [0x0000000084400000, 0x0000000100000000)
  region size 1024K, 22 young (22528K), 1 survivors (1024K)
 Metaspace       used 30054K, committed 30336K, reserved 1114112K
  class space    used 3918K, committed 4032K, reserved 1048576K
}
Event: 8.473 GC heap after
{Heap after GC invocations=7 (full 0):
 garbage-first heap   total 61440K, used 25467K [0x0000000084400000, 0x0000000100000000)
  region size 1024K, 3 young (3072K), 3 survivors (3072K)
 Metaspace       used 30054K, committed 30336K, reserved 1114112K
  class space    used 3918K, committed 4032K, reserved 1048576K
}
Event: 9.285 GC heap before
{Heap before GC invocations=8 (full 0):
 garbage-first heap   total 61440K, used 44923K [0x0000000084400000, 0x0000000100000000)
  region size 1024K, 23 young (23552K), 3 survivors (3072K)
 Metaspace       used 34509K, committed 34752K, reserved 1114112K
  class space    used 4340K, committed 4416K, reserved 1048576K
}
Event: 9.292 GC heap after
{Heap after GC invocations=9 (full 0):
 garbage-first heap   total 61440K, used 27296K [0x0000000084400000, 0x0000000100000000)
  region size 1024K, 2 young (2048K), 2 survivors (2048K)
 Metaspace       used 34509K, committed 34752K, reserved 1114112K
  class space    used 4340K, committed 4416K, reserved 1048576K
}
Event: 9.364 GC heap before
{Heap before GC invocations=9 (full 0):
 garbage-first heap   total 61440K, used 28320K [0x0000000084400000, 0x0000000100000000)
  region size 1024K, 3 young (3072K), 2 survivors (2048K)
 Metaspace       used 34958K, committed 35200K, reserved 1114112K
  class space    used 4389K, committed 4480K, reserved 1048576K
}
Event: 9.369 GC heap after
{Heap after GC invocations=10 (full 0):
 garbage-first heap   total 61440K, used 26992K [0x0000000084400000, 0x0000000100000000)
  region size 1024K, 1 young (1024K), 1 survivors (1024K)
 Metaspace       used 34958K, committed 35200K, reserved 1114112K
  class space    used 4389K, committed 4480K, reserved 1048576K
}
Event: 10.013 GC heap before
{Heap before GC invocations=10 (full 0):
 garbage-first heap   total 61440K, used 40304K [0x0000000084400000, 0x0000000100000000)
  region size 1024K, 15 young (15360K), 1 survivors (1024K)
 Metaspace       used 38514K, committed 38720K, reserved 1114112K
  class space    used 4802K, committed 4864K, reserved 1048576K
}
Event: 10.018 GC heap after
{Heap after GC invocations=11 (full 0):
 garbage-first heap   total 61440K, used 28153K [0x0000000084400000, 0x0000000100000000)
  region size 1024K, 2 young (2048K), 2 survivors (2048K)
 Metaspace       used 38514K, committed 38720K, reserved 1114112K
  class space    used 4802K, committed 4864K, reserved 1048576K
}
Event: 10.341 GC heap before
{Heap before GC invocations=11 (full 0):
 garbage-first heap   total 61440K, used 41465K [0x0000000084400000, 0x0000000100000000)
  region size 1024K, 14 young (14336K), 2 survivors (2048K)
 Metaspace       used 39261K, committed 39488K, reserved 1114112K
  class space    used 4865K, committed 4928K, reserved 1048576K
}
Event: 10.355 GC heap after
{Heap after GC invocations=12 (full 0):
 garbage-first heap   total 61440K, used 32958K [0x0000000084400000, 0x0000000100000000)
  region size 1024K, 3 young (3072K), 3 survivors (3072K)
 Metaspace       used 39261K, committed 39488K, reserved 1114112K
  class space    used 4865K, committed 4928K, reserved 1048576K
}
Event: 10.470 GC heap before
{Heap before GC invocations=13 (full 0):
 garbage-first heap   total 61440K, used 48318K [0x0000000084400000, 0x0000000100000000)
  region size 1024K, 17 young (17408K), 3 survivors (3072K)
 Metaspace       used 39407K, committed 39616K, reserved 1114112K
  class space    used 4865K, committed 4928K, reserved 1048576K
}
Event: 10.476 GC heap after
{Heap after GC invocations=14 (full 0):
 garbage-first heap   total 61440K, used 33952K [0x0000000084400000, 0x0000000100000000)
  region size 1024K, 1 young (1024K), 1 survivors (1024K)
 Metaspace       used 39407K, committed 39616K, reserved 1114112K
  class space    used 4865K, committed 4928K, reserved 1048576K
}
Event: 10.485 GC heap before
{Heap before GC invocations=14 (full 0):
 garbage-first heap   total 61440K, used 36000K [0x0000000084400000, 0x0000000100000000)
  region size 1024K, 3 young (3072K), 1 survivors (1024K)
 Metaspace       used 39413K, committed 39616K, reserved 1114112K
  class space    used 4865K, committed 4928K, reserved 1048576K
}
Event: 10.492 GC heap after
{Heap after GC invocations=15 (full 0):
 garbage-first heap   total 124928K, used 33838K [0x0000000084400000, 0x0000000100000000)
  region size 1024K, 1 young (1024K), 1 survivors (1024K)
 Metaspace       used 39413K, committed 39616K, reserved 1114112K
  class space    used 4865K, committed 4928K, reserved 1048576K
}
Event: 12.676 GC heap before
{Heap before GC invocations=15 (full 0):
 garbage-first heap   total 124928K, used 84014K [0x0000000084400000, 0x0000000100000000)
  region size 1024K, 50 young (51200K), 1 survivors (1024K)
 Metaspace       used 42578K, committed 42816K, reserved 1114112K
  class space    used 5121K, committed 5184K, reserved 1048576K
}
Event: 12.698 GC heap after
{Heap after GC invocations=16 (full 0):
 garbage-first heap   total 124928K, used 41803K [0x0000000084400000, 0x0000000100000000)
  region size 1024K, 7 young (7168K), 7 survivors (7168K)
 Metaspace       used 42578K, committed 42816K, reserved 1114112K
  class space    used 5121K, committed 5184K, reserved 1048576K
}
Event: 14.034 GC heap before
{Heap before GC invocations=16 (full 0):
 garbage-first heap   total 124928K, used 85835K [0x0000000084400000, 0x0000000100000000)
  region size 1024K, 50 young (51200K), 7 survivors (7168K)
 Metaspace       used 47939K, committed 48192K, reserved 1114112K
  class space    used 5782K, committed 5888K, reserved 1048576K
}
Event: 14.059 GC heap after
{Heap after GC invocations=17 (full 0):
 garbage-first heap   total 124928K, used 46467K [0x0000000084400000, 0x0000000100000000)
  region size 1024K, 5 young (5120K), 5 survivors (5120K)
 Metaspace       used 47939K, committed 48192K, reserved 1114112K
  class space    used 5782K, committed 5888K, reserved 1048576K
}
Event: 16.360 GC heap before
{Heap before GC invocations=17 (full 0):
 garbage-first heap   total 124928K, used 89475K [0x0000000084400000, 0x0000000100000000)
  region size 1024K, 47 young (48128K), 5 survivors (5120K)
 Metaspace       used 56243K, committed 56512K, reserved 1114112K
  class space    used 6748K, committed 6912K, reserved 1048576K
}
Event: 16.379 GC heap after
{Heap after GC invocations=18 (full 0):
 garbage-first heap   total 124928K, used 51048K [0x0000000084400000, 0x0000000100000000)
  region size 1024K, 5 young (5120K), 5 survivors (5120K)
 Metaspace       used 56243K, committed 56512K, reserved 1114112K
  class space    used 6748K, committed 6912K, reserved 1048576K
}

